Change Component Comment : Designator=L1 Old Comment=FERRITE BEAD New Comment=Inductor
Change Component Comment : Designator=L2 Old Comment=FERRITE BEAD New Comment=Inductor
Change component parameters: Designator = "C4" ("C4"); Footprint = "CAP_0402"; UniqueID = "\DYTWUYCU\DGGOKSVZ" ("\DYTWUYCU\DGGOKSVZ")
Change component parameters (AddParameter): Name = "Value"; Value = "0.1uf"; VariantName = "[No Variations]"
Change component parameters: Designator = "C5" ("C5"); Footprint = "CAP_0402"; UniqueID = "\DYTWUYCU\NZMXTOFL" ("\DYTWUYCU\NZMXTOFL")
Change component parameters (AddParameter): Name = "Value"; Value = "0.1uf"; VariantName = "[No Variations]"
Change component parameters: Designator = "C6" ("C6"); Footprint = "CAP_0402"; UniqueID = "\DYTWUYCU\AOEPWWBB" ("\DYTWUYCU\AOEPWWBB")
Change component parameters (AddParameter): Name = "Value"; Value = "0.1uf"; VariantName = "[No Variations]"
Change component parameters: Designator = "C7" ("C7"); Footprint = "CAP_0402"; UniqueID = "\DYTWUYCU\JXZSIYIL" ("\DYTWUYCU\JXZSIYIL")
Change component parameters (AddParameter): Name = "Value"; Value = "0.1uf"; VariantName = "[No Variations]"
Change component parameters: Designator = "C11" ("C11"); Footprint = "CAP_0402"; UniqueID = "\SOUYZHSY\YAMMZKWY" ("\SOUYZHSY\YAMMZKWY")
Change component parameters (AddParameter): Name = "Value"; Value = "0.1uf"; VariantName = "[No Variations]"
Change component parameters: Designator = "C12" ("C12"); Footprint = "CAP_0402"; UniqueID = "\SOUYZHSY\GWIZMFUN" ("\SOUYZHSY\GWIZMFUN")
Change component parameters (AddParameter): Name = "Value"; Value = "0.1uf"; VariantName = "[No Variations]"
Change component parameters: Designator = "C13" ("C13"); Footprint = "CAP_0402"; UniqueID = "\SOUYZHSY\MGYYTJSJ" ("\SOUYZHSY\MGYYTJSJ")
Change component parameters (AddParameter): Name = "Value"; Value = "0.1uf"; VariantName = "[No Variations]"
Change component parameters: Designator = "C14" ("C14"); Footprint = "CAP_0402"; UniqueID = "\SOUYZHSY\RUEIILYN" ("\SOUYZHSY\RUEIILYN")
Change component parameters (AddParameter): Name = "Value"; Value = "0.1uf"; VariantName = "[No Variations]"
Change component parameters: Designator = "R1" ("R1"); Footprint = "RES_0402"; UniqueID = "\DYTWUYCU\HQDMHWGQ" ("\DYTWUYCU\HQDMHWGQ")
Change component parameters (AddParameter): Name = "Value"; Value = "1K"; VariantName = "[No Variations]"
Change component parameters: Designator = "R2" ("R2"); Footprint = "RES_0402"; UniqueID = "\DYTWUYCU\VNTEWKAE" ("\DYTWUYCU\VNTEWKAE")
Change component parameters (AddParameter): Name = "Value"; Value = "1K"; VariantName = "[No Variations]"
Change component parameters: Designator = "R3" ("R3"); Footprint = "RES_0402"; UniqueID = "\DYTWUYCU\MDKILLWC" ("\DYTWUYCU\MDKILLWC")
Change component parameters (AddParameter): Name = "Value"; Value = "1K"; VariantName = "[No Variations]"
Change component parameters: Designator = "R4" ("R4"); Footprint = "RES_0402"; UniqueID = "\DYTWUYCU\FLGQONGY" ("\DYTWUYCU\FLGQONGY")
Change component parameters (AddParameter): Name = "Value"; Value = "1K"; VariantName = "[No Variations]"
Change component parameters: Designator = "R5" ("R5"); Footprint = "RES_0402"; UniqueID = "\DYTWUYCU\TWQMWNIG" ("\DYTWUYCU\TWQMWNIG")
Change component parameters (AddParameter): Name = "Value"; Value = "1K"; VariantName = "[No Variations]"
Change component parameters: Designator = "R6" ("R6"); Footprint = "RES_0402"; UniqueID = "\DYTWUYCU\NSHTRXZH" ("\DYTWUYCU\NSHTRXZH")
Change component parameters (AddParameter): Name = "Value"; Value = "1K"; VariantName = "[No Variations]"
Change component parameters: Designator = "R7" ("R7"); Footprint = "RES_0402"; UniqueID = "\DYTWUYCU\URTMKZUQ" ("\DYTWUYCU\URTMKZUQ")
Change component parameters (AddParameter): Name = "Value"; Value = "1K"; VariantName = "[No Variations]"
Change component parameters: Designator = "R8" ("R8"); Footprint = "RES_0402"; UniqueID = "\DYTWUYCU\NEXRCMNC" ("\DYTWUYCU\NEXRCMNC")
Change component parameters (AddParameter): Name = "Value"; Value = "1K"; VariantName = "[No Variations]"
Change component parameters: Designator = "R12" ("R12"); Footprint = "RES_0402"; UniqueID = "\SOUYZHSY\YHFRCERE" ("\SOUYZHSY\YHFRCERE")
Change component parameters (AddParameter): Name = "Value"; Value = "1K"; VariantName = "[No Variations]"
Change component parameters: Designator = "R13" ("R13"); Footprint = "RES_0402"; UniqueID = "\SOUYZHSY\UGHIMCRB" ("\SOUYZHSY\UGHIMCRB")
Change component parameters (AddParameter): Name = "Value"; Value = "1K"; VariantName = "[No Variations]"
Change component parameters: Designator = "R14" ("R14"); Footprint = "RES_0603"; UniqueID = "\XUCALYRM\NBJRWHUR" ("\XUCALYRM\NBJRWHUR")
Change component parameters (AddParameter): Name = "Value"; Value = "1K"; VariantName = "[No Variations]"
Change component parameters: Designator = "R15" ("R15"); Footprint = "RES_0603"; UniqueID = "\XUCALYRM\YFISUFWA" ("\XUCALYRM\YFISUFWA")
Change component parameters (AddParameter): Name = "Value"; Value = "1K"; VariantName = "[No Variations]"
Change component parameters: Designator = "R16" ("R16"); Footprint = "RES_0603"; UniqueID = "\XUCALYRM\ELVSVNHJ" ("\XUCALYRM\ELVSVNHJ")
Change component parameters (AddParameter): Name = "Value"; Value = "1K"; VariantName = "[No Variations]"
Change component parameters: Designator = "R17" ("R17"); Footprint = "RES_0603"; UniqueID = "\XUCALYRM\OKPOSVNP" ("\XUCALYRM\OKPOSVNP")
Change component parameters (AddParameter): Name = "Value"; Value = "1K"; VariantName = "[No Variations]"
Change component parameters: Designator = "R18" ("R18"); Footprint = "RES_0603"; UniqueID = "\XUCALYRM\REPSOIVS" ("\XUCALYRM\REPSOIVS")
Change component parameters (AddParameter): Name = "Value"; Value = "1K"; VariantName = "[No Variations]"
Change component parameters: Designator = "R19" ("R19"); Footprint = "RES_0603"; UniqueID = "\XUCALYRM\CWLGINNP" ("\XUCALYRM\CWLGINNP")
Change component parameters (AddParameter): Name = "Value"; Value = "1K"; VariantName = "[No Variations]"
Change component parameters: Designator = "R20" ("R20"); Footprint = "RES_0603"; UniqueID = "\XUCALYRM\QFTRQWMH" ("\XUCALYRM\QFTRQWMH")
Change component parameters (AddParameter): Name = "Value"; Value = "1K"; VariantName = "[No Variations]"
Change component parameters: Designator = "R21" ("R21"); Footprint = "RES_0603"; UniqueID = "\XUCALYRM\LBCZBURW" ("\XUCALYRM\LBCZBURW")
Change component parameters (AddParameter): Name = "Value"; Value = "1K"; VariantName = "[No Variations]"
Change component parameters: Designator = "X2" ("X2"); Footprint = "FC-135"; UniqueID = "\SOUYZHSY\KDTBOTDO" ("\SOUYZHSY\KDTBOTDO")
Change component parameters (AddParameter): Name = "Value"; Value = "12MHz"; VariantName = "[No Variations]"
