Change Component Footprint: Designator=C1 Old Footprint=CAP_0402 New Footprint=Cap_0603
Change Component Footprint: Designator=C2 Old Footprint=CAP_0402 New Footprint=Cap_0603
Change Component Footprint: Designator=C3 Old Footprint=CAP_0402 New Footprint=Cap_0603
Change Component Footprint: Designator=C4 Old Footprint=CAP_0402 New Footprint=Cap_0603
Change Component Footprint: Designator=C5 Old Footprint=CAP_0402 New Footprint=Cap_0603
Change Component Footprint: Designator=C6 Old Footprint=CAP_0402 New Footprint=Cap_0603
Change Component Footprint: Designator=C7 Old Footprint=CAP_0402 New Footprint=Cap_0603
Change Component Footprint: Designator=C8 Old Footprint=CAP_0402 New Footprint=Cap_0603
Change Component Footprint: Designator=C9 Old Footprint=CAP_0402 New Footprint=Cap_0603
Change Component Footprint: Designator=C10 Old Footprint=CAP_0402 New Footprint=Cap_0603
Change Component Footprint: Designator=C11 Old Footprint=CAP_0402 New Footprint=Cap_0603
Change Component Footprint: Designator=C12 Old Footprint=CAP_0402 New Footprint=Cap_0603
Change Component Footprint: Designator=C13 Old Footprint=CAP_0402 New Footprint=Cap_0603
Change Component Footprint: Designator=C14 Old Footprint=CAP_0402 New Footprint=Cap_0603
Change Component Footprint: Designator=C15 Old Footprint=CAP_0402 New Footprint=Cap_0603
Change Component Footprint: Designator=C16 Old Footprint=CAP_0402 New Footprint=Cap_0603
Change Component Footprint: Designator=C17 Old Footprint=CAP_0402 New Footprint=Cap_0603
Change Component Footprint: Designator=C18 Old Footprint=CAP_0402 New Footprint=Cap_0603
Change Component Footprint: Designator=R1 Old Footprint=RES_0402 New Footprint=RES_0603
Change Component Footprint: Designator=R2 Old Footprint=RES_0402 New Footprint=RES_0603
Change Component Footprint: Designator=R3 Old Footprint=RES_0402 New Footprint=RES_0603
Change Component Footprint: Designator=R4 Old Footprint=RES_0402 New Footprint=RES_0603
Change Component Footprint: Designator=R5 Old Footprint=RES_0402 New Footprint=RES_0603
Change Component Footprint: Designator=R6 Old Footprint=RES_0402 New Footprint=RES_0603
Change Component Footprint: Designator=R7 Old Footprint=RES_0402 New Footprint=RES_0603
Change Component Footprint: Designator=R8 Old Footprint=RES_0402 New Footprint=RES_0603
Change Component Footprint: Designator=R12 Old Footprint=RES_0402 New Footprint=RES_0603
Change Component Footprint: Designator=R13 Old Footprint=RES_0402 New Footprint=RES_0603
Added Room: Name=Sheet1
Added Room: Name=U_ICM_20948
Added Room: Name=U_NANO103
